Stream key is "384232-3434243" 
Input data is: 
================
{
    "audio_bitrate": 163840,
    "audio_codec": "aac",
    "audio_sample_rate": 44100,
    "video_bitrate": 2048,
    "video_codec": "h264",
    "video_fps": 60,
    "video_height": 1080,
    "video_profile": "High",
    "video_width": 1920
}
==============
Generating channel object...
Channel status is: None
Proposed video ladder is: 
================
[
    {
        "audio_bitrate": 96000,
        "bitrate": 2048,
        "fps": 163840,
        "height": 1080,
        "name": "1920",
        "width": 1920
    },
    {
        "audio_bitrate": 96000,
        "bitrate": 1575,
        "fps": 163840,
        "height": 720,
        "name": "1280",
        "width": 1280
    },
    {
        "audio_bitrate": 96000,
        "bitrate": 1212,
        "fps": 30,
        "height": 480,
        "name": "854",
        "width": 854
    },
    {
        "audio_bitrate": 96000,
        "bitrate": 932,
        "fps": 30,
        "height": 360,
        "name": "640",
        "width": 640
    },
    {
        "audio_bitrate": 96000,
        "bitrate": 717,
        "fps": 30,
        "height": 240,
        "name": "428",
        "width": 428
    }
]
==============
